0 info it worked if it ends with ok
1 verbose cli [ '/Users/andre/.nvm/versions/node/v4.2.3/bin/node',
1 verbose cli   '/Users/andre/.nvm/versions/node/v4.2.3/bin/npm',
1 verbose cli   'run',
1 verbose cli   'serve' ]
2 info using npm@2.14.7
3 info using node@v4.2.3
4 verbose run-script [ 'preserve', 'serve', 'postserve' ]
5 info preserve kingsland-farm@0.1.0
6 info serve kingsland-farm@0.1.0
7 verbose unsafe-perm in lifecycle true
8 info kingsland-farm@0.1.0 Failed to exec serve script
9 verbose stack Error: kingsland-farm@0.1.0 serve: `node server/server.js`
9 verbose stack Exit status 1
9 verbose stack     at EventEmitter.<anonymous> (/Users/andre/.nvm/versions/node/v4.2.3/lib/node_modules/npm/lib/utils/lifecycle.js:214:16)
9 verbose stack     at emitTwo (events.js:87:13)
9 verbose stack     at EventEmitter.emit (events.js:172:7)
9 verbose stack     at ChildProcess.<anonymous> (/Users/andre/.nvm/versions/node/v4.2.3/lib/node_modules/npm/lib/utils/spawn.js:24:14)
9 verbose stack     at emitTwo (events.js:87:13)
9 verbose stack     at ChildProcess.emit (events.js:172:7)
9 verbose stack     at maybeClose (internal/child_process.js:818:16)
9 verbose stack     at Process.ChildProcess._handle.onexit (internal/child_process.js:211:5)
10 verbose pkgid kingsland-farm@0.1.0
11 verbose cwd /Users/andre/Documents/Code/kingsland-farm/server
12 error Darwin 16.6.0
13 error argv "/Users/andre/.nvm/versions/node/v4.2.3/bin/node" "/Users/andre/.nvm/versions/node/v4.2.3/bin/npm" "run" "serve"
14 error node v4.2.3
15 error npm  v2.14.7
16 error code ELIFECYCLE
17 error kingsland-farm@0.1.0 serve: `node server/server.js`
17 error Exit status 1
18 error Failed at the kingsland-farm@0.1.0 serve script 'node server/server.js'.
18 error This is most likely a problem with the kingsland-farm package,
18 error not with npm itself.
18 error Tell the author that this fails on your system:
18 error     node server/server.js
18 error You can get their info via:
18 error     npm owner ls kingsland-farm
18 error There is likely additional logging output above.
19 verbose exit [ 1, true ]
